{"/home/luxeave/github/thematrix-backend/src/app.controller.ts": {"path":"/home/luxeave/github/thematrix-backend/src/app.controller.ts","statementMap":{"0":{"start":{"line":1,"column":0},"end":{"line":1,"column":49}},"1":{"start":{"line":4,"column":7},"end":{"line":4,"column":null}},"2":{"start":{"line":4,"column":13},"end":{"line":4,"column":null}},"3":{"start":{"line":4,"column":13},"end":{"line":4,"column":26}}},"fnMap":{},"branchMap":{},"s":{"0":0,"1":0,"2":0,"3":0},"f":{},"b":{}}
,"/home/luxeave/github/thematrix-backend/src/app.module.ts": {"path":"/home/luxeave/github/thematrix-backend/src/app.module.ts","statementMap":{"0":{"start":{"line":1,"column":0},"end":{"line":1,"column":40}},"1":{"start":{"line":2,"column":0},"end":{"line":2,"column":49}},"2":{"start":{"line":3,"column":0},"end":{"line":3,"column":43}},"3":{"start":{"line":4,"column":0},"end":{"line":4,"column":48}},"4":{"start":{"line":5,"column":0},"end":{"line":5,"column":54}},"5":{"start":{"line":12,"column":7},"end":{"line":12,"column":null}},"6":{"start":{"line":12,"column":13},"end":{"line":12,"column":null}},"7":{"start":{"line":12,"column":13},"end":{"line":12,"column":22}}},"fnMap":{},"branchMap":{},"s":{"0":0,"1":0,"2":0,"3":0,"4":0,"5":0,"6":0,"7":0},"f":{},"b":{}}
,"/home/luxeave/github/thematrix-backend/src/app.service.ts": {"path":"/home/luxeave/github/thematrix-backend/src/app.service.ts","statementMap":{"0":{"start":{"line":1,"column":0},"end":{"line":1,"column":44}},"1":{"start":{"line":4,"column":7},"end":{"line":4,"column":null}},"2":{"start":{"line":4,"column":13},"end":{"line":4,"column":null}},"3":{"start":{"line":4,"column":13},"end":{"line":4,"column":23}}},"fnMap":{},"branchMap":{},"s":{"0":0,"1":0,"2":0,"3":0},"f":{},"b":{}}
,"/home/luxeave/github/thematrix-backend/src/main.ts": {"path":"/home/luxeave/github/thematrix-backend/src/main.ts","statementMap":{"0":{"start":{"line":1,"column":0},"end":{"line":1,"column":43}},"1":{"start":{"line":2,"column":0},"end":{"line":2,"column":41}},"2":{"start":{"line":3,"column":0},"end":{"line":3,"column":48}},"3":{"start":{"line":6,"column":14},"end":{"line":6,"column":65}},"4":{"start":{"line":7,"column":2},"end":{"line":9,"column":6}},"5":{"start":{"line":10,"column":2},"end":{"line":10,"column":25}},"6":{"start":{"line":12,"column":0},"end":{"line":12,"column":12}}},"fnMap":{"0":{"name":"bootstrap","decl":{"start":{"line":5,"column":15},"end":{"line":5,"column":24}},"loc":{"start":{"line":5,"column":24},"end":{"line":11,"column":1}}}},"branchMap":{},"s":{"0":0,"1":0,"2":0,"3":0,"4":0,"5":0,"6":0},"f":{"0":0},"b":{}}
,"/home/luxeave/github/thematrix-backend/src/auth/auth.controller.ts": {"path":"/home/luxeave/github/thematrix-backend/src/auth/auth.controller.ts","statementMap":{"0":{"start":{"line":1,"column":0},"end":{"line":1,"column":56}},"1":{"start":{"line":2,"column":0},"end":{"line":2,"column":45}},"2":{"start":{"line":3,"column":0},"end":{"line":3,"column":43}},"3":{"start":{"line":6,"column":7},"end":{"line":13,"column":null}},"4":{"start":{"line":7,"column":24},"end":{"line":7,"column":37}},"5":{"start":{"line":11,"column":8},"end":{"line":11,"column":56}},"6":{"start":{"line":10,"column":10},"end":{"line":12,"column":null}},"7":{"start":{"line":6,"column":13},"end":{"line":13,"column":null}},"8":{"start":{"line":6,"column":13},"end":{"line":6,"column":27}}},"fnMap":{"0":{"name":"(anonymous_4)","decl":{"start":{"line":7,"column":4},"end":{"line":7,"column":24}},"loc":{"start":{"line":7,"column":48},"end":{"line":7,"column":52}}},"1":{"name":"(anonymous_5)","decl":{"start":{"line":10,"column":4},"end":{"line":10,"column":9}},"loc":{"start":{"line":10,"column":42},"end":{"line":12,"column":5}}}},"branchMap":{},"s":{"0":1,"1":1,"2":1,"3":1,"4":2,"5":1,"6":1,"7":1,"8":1},"f":{"0":2,"1":1},"b":{}}
,"/home/luxeave/github/thematrix-backend/src/auth/auth.module.ts": {"path":"/home/luxeave/github/thematrix-backend/src/auth/auth.module.ts","statementMap":{"0":{"start":{"line":1,"column":0},"end":{"line":1,"column":40}},"1":{"start":{"line":2,"column":0},"end":{"line":2,"column":51}},"2":{"start":{"line":3,"column":0},"end":{"line":3,"column":45}},"3":{"start":{"line":4,"column":0},"end":{"line":4,"column":41}},"4":{"start":{"line":21,"column":7},"end":{"line":21,"column":null}},"5":{"start":{"line":21,"column":13},"end":{"line":21,"column":null}},"6":{"start":{"line":9,"column":27},"end":{"line":15,"column":10}},"7":{"start":{"line":21,"column":13},"end":{"line":21,"column":23}}},"fnMap":{"0":{"name":"(anonymous_1)","decl":{"start":{"line":9,"column":20},"end":{"line":9,"column":23}},"loc":{"start":{"line":9,"column":27},"end":{"line":15,"column":10}}}},"branchMap":{},"s":{"0":0,"1":0,"2":0,"3":0,"4":0,"5":0,"6":0,"7":0},"f":{"0":0},"b":{}}
,"/home/luxeave/github/thematrix-backend/src/auth/auth.service.ts": {"path":"/home/luxeave/github/thematrix-backend/src/auth/auth.service.ts","statementMap":{"0":{"start":{"line":1,"column":0},"end":{"line":1,"column":44}},"1":{"start":{"line":3,"column":0},"end":{"line":3,"column":47}},"2":{"start":{"line":6,"column":7},"end":{"line":34,"column":null}},"3":{"start":{"line":8,"column":39},"end":{"line":8,"column":49}},"4":{"start":{"line":13,"column":21},"end":{"line":13,"column":102}},"5":{"start":{"line":15,"column":8},"end":{"line":20,"column":null}},"6":{"start":{"line":16,"column":12},"end":{"line":19,"column":14}},"7":{"start":{"line":22,"column":8},"end":{"line":27,"column":null}},"8":{"start":{"line":23,"column":12},"end":{"line":26,"column":14}},"9":{"start":{"line":29,"column":8},"end":{"line":32,"column":10}},"10":{"start":{"line":6,"column":13},"end":{"line":34,"column":null}},"11":{"start":{"line":6,"column":13},"end":{"line":6,"column":24}}},"fnMap":{"0":{"name":"(anonymous_4)","decl":{"start":{"line":7,"column":4},"end":{"line":7,"column":null}},"loc":{"start":{"line":8,"column":49},"end":{"line":9,"column":10}}},"1":{"name":"(anonymous_5)","decl":{"start":{"line":11,"column":4},"end":{"line":11,"column":9}},"loc":{"start":{"line":11,"column":42},"end":{"line":33,"column":5}}}},"branchMap":{"0":{"loc":{"start":{"line":15,"column":8},"end":{"line":20,"column":null}},"type":"if","locations":[{"start":{"line":15,"column":8},"end":{"line":20,"column":null}}]},"1":{"loc":{"start":{"line":22,"column":8},"end":{"line":27,"column":null}},"type":"if","locations":[{"start":{"line":22,"column":8},"end":{"line":27,"column":null}}]},"2":{"loc":{"start":{"line":22,"column":12},"end":{"line":22,"column":86}},"type":"binary-expr","locations":[{"start":{"line":22,"column":12},"end":{"line":22,"column":47}},{"start":{"line":22,"column":51},"end":{"line":22,"column":86}}]}},"s":{"0":2,"1":2,"2":2,"3":3,"4":3,"5":3,"6":1,"7":2,"8":1,"9":1,"10":2,"11":2},"f":{"0":3,"1":3},"b":{"0":[1],"1":[1],"2":[2,2]}}
,"/home/luxeave/github/thematrix-backend/src/auth/dto/login.dto.ts": {"path":"/home/luxeave/github/thematrix-backend/src/auth/dto/login.dto.ts","statementMap":{"0":{"start":{"line":1,"column":0},"end":{"line":1,"column":52}},"1":{"start":{"line":4,"column":4},"end":{"line":5,"column":null}},"2":{"start":{"line":7,"column":4},"end":{"line":8,"column":null}},"3":{"start":{"line":3,"column":0},"end":{"line":3,"column":13}}},"fnMap":{},"branchMap":{},"s":{"0":1,"1":1,"2":1,"3":1},"f":{},"b":{}}
,"/home/luxeave/github/thematrix-backend/src/matrix/matrix.controller.ts": {"path":"/home/luxeave/github/thematrix-backend/src/matrix/matrix.controller.ts","statementMap":{"0":{"start":{"line":1,"column":0},"end":{"line":1,"column":56}},"1":{"start":{"line":2,"column":0},"end":{"line":2,"column":60}},"2":{"start":{"line":3,"column":0},"end":{"line":3,"column":49}},"3":{"start":{"line":6,"column":7},"end":{"line":13,"column":null}},"4":{"start":{"line":7,"column":24},"end":{"line":7,"column":39}},"5":{"start":{"line":11,"column":8},"end":{"line":11,"column":72}},"6":{"start":{"line":10,"column":10},"end":{"line":12,"column":null}},"7":{"start":{"line":6,"column":13},"end":{"line":13,"column":null}},"8":{"start":{"line":6,"column":13},"end":{"line":6,"column":29}}},"fnMap":{"0":{"name":"(anonymous_4)","decl":{"start":{"line":7,"column":4},"end":{"line":7,"column":24}},"loc":{"start":{"line":7,"column":52},"end":{"line":7,"column":56}}},"1":{"name":"(anonymous_5)","decl":{"start":{"line":10,"column":4},"end":{"line":10,"column":9}},"loc":{"start":{"line":10,"column":66},"end":{"line":12,"column":5}}}},"branchMap":{},"s":{"0":1,"1":1,"2":1,"3":1,"4":2,"5":2,"6":1,"7":1,"8":1},"f":{"0":2,"1":2},"b":{}}
,"/home/luxeave/github/thematrix-backend/src/matrix/matrix.module.ts": {"path":"/home/luxeave/github/thematrix-backend/src/matrix/matrix.module.ts","statementMap":{"0":{"start":{"line":1,"column":0},"end":{"line":1,"column":40}},"1":{"start":{"line":2,"column":0},"end":{"line":2,"column":41}},"2":{"start":{"line":3,"column":0},"end":{"line":3,"column":55}},"3":{"start":{"line":4,"column":0},"end":{"line":4,"column":49}},"4":{"start":{"line":21,"column":7},"end":{"line":21,"column":null}},"5":{"start":{"line":21,"column":13},"end":{"line":21,"column":null}},"6":{"start":{"line":9,"column":27},"end":{"line":15,"column":10}},"7":{"start":{"line":21,"column":13},"end":{"line":21,"column":25}}},"fnMap":{"0":{"name":"(anonymous_1)","decl":{"start":{"line":9,"column":20},"end":{"line":9,"column":23}},"loc":{"start":{"line":9,"column":27},"end":{"line":15,"column":10}}}},"branchMap":{},"s":{"0":0,"1":0,"2":0,"3":0,"4":0,"5":0,"6":0,"7":0},"f":{"0":0},"b":{}}
,"/home/luxeave/github/thematrix-backend/src/matrix/matrix.service.ts": {"path":"/home/luxeave/github/thematrix-backend/src/matrix/matrix.service.ts","statementMap":{"0":{"start":{"line":1,"column":0},"end":{"line":1,"column":44}},"1":{"start":{"line":3,"column":0},"end":{"line":3,"column":47}},"2":{"start":{"line":6,"column":7},"end":{"line":70,"column":null}},"3":{"start":{"line":9,"column":39},"end":{"line":9,"column":49}},"4":{"start":{"line":13,"column":20},"end":{"line":13,"column":21}},"5":{"start":{"line":14,"column":18},"end":{"line":14,"column":35}},"6":{"start":{"line":15,"column":8},"end":{"line":29,"column":null}},"7":{"start":{"line":16,"column":20},"end":{"line":16,"column":49}},"8":{"start":{"line":17,"column":20},"end":{"line":17,"column":31}},"9":{"start":{"line":18,"column":10},"end":{"line":28,"column":null}},"10":{"start":{"line":19,"column":12},"end":{"line":23,"column":null}},"11":{"start":{"line":19,"column":25},"end":{"line":19,"column":26}},"12":{"start":{"line":20,"column":14},"end":{"line":22,"column":null}},"13":{"start":{"line":21,"column":16},"end":{"line":21,"column":32}},"14":{"start":{"line":24,"column":17},"end":{"line":28,"column":null}},"15":{"start":{"line":25,"column":12},"end":{"line":25,"column":26}},"16":{"start":{"line":27,"column":12},"end":{"line":27,"column":28}},"17":{"start":{"line":30,"column":8},"end":{"line":30,"column":21}},"18":{"start":{"line":34,"column":33},"end":{"line":34,"column":35}},"19":{"start":{"line":35,"column":8},"end":{"line":44,"column":11}},"20":{"start":{"line":36,"column":10},"end":{"line":43,"column":13}},"21":{"start":{"line":37,"column":12},"end":{"line":42,"column":15}},"22":{"start":{"line":45,"column":8},"end":{"line":45,"column":22}},"23":{"start":{"line":49,"column":8},"end":{"line":68,"column":null}},"24":{"start":{"line":50,"column":27},"end":{"line":50,"column":62}},"25":{"start":{"line":51,"column":12},"end":{"line":51,"column":32}},"26":{"start":{"line":52,"column":27},"end":{"line":52,"column":50}},"27":{"start":{"line":53,"column":12},"end":{"line":53,"column":32}},"28":{"start":{"line":54,"column":34},"end":{"line":54,"column":73}},"29":{"start":{"line":55,"column":12},"end":{"line":55,"column":39}},"30":{"start":{"line":56,"column":12},"end":{"line":60,"column":null}},"31":{"start":{"line":57,"column":28},"end":{"line":57,"column":90}},"32":{"start":{"line":58,"column":16},"end":{"line":58,"column":99}},"33":{"start":{"line":59,"column":16},"end":{"line":59,"column":37}},"34":{"start":{"line":61,"column":12},"end":{"line":61,"column":33}},"35":{"start":{"line":63,"column":12},"end":{"line":63,"column":31}},"36":{"start":{"line":64,"column":12},"end":{"line":67,"column":14}},"37":{"start":{"line":6,"column":13},"end":{"line":70,"column":null}},"38":{"start":{"line":6,"column":13},"end":{"line":6,"column":26}}},"fnMap":{"0":{"name":"(anonymous_4)","decl":{"start":{"line":8,"column":4},"end":{"line":8,"column":null}},"loc":{"start":{"line":9,"column":49},"end":{"line":10,"column":10}}},"1":{"name":"(anonymous_5)","decl":{"start":{"line":12,"column":4},"end":{"line":12,"column":22}},"loc":{"start":{"line":12,"column":63},"end":{"line":31,"column":5}}},"2":{"name":"(anonymous_6)","decl":{"start":{"line":33,"column":4},"end":{"line":33,"column":23}},"loc":{"start":{"line":33,"column":61},"end":{"line":46,"column":7}}},"3":{"name":"(anonymous_7)","decl":{"start":{"line":35,"column":23},"end":{"line":35,"column":24}},"loc":{"start":{"line":35,"column":41},"end":{"line":44,"column":9}}},"4":{"name":"(anonymous_8)","decl":{"start":{"line":36,"column":22},"end":{"line":36,"column":23}},"loc":{"start":{"line":36,"column":40},"end":{"line":43,"column":11}}},"5":{"name":"(anonymous_9)","decl":{"start":{"line":48,"column":4},"end":{"line":48,"column":9}},"loc":{"start":{"line":48,"column":58},"end":{"line":69,"column":5}}}},"branchMap":{"0":{"loc":{"start":{"line":18,"column":10},"end":{"line":28,"column":null}},"type":"if","locations":[{"start":{"line":18,"column":10},"end":{"line":28,"column":null}},{"start":{"line":24,"column":17},"end":{"line":28,"column":null}}]},"1":{"loc":{"start":{"line":18,"column":14},"end":{"line":18,"column":75}},"type":"binary-expr","locations":[{"start":{"line":18,"column":14},"end":{"line":18,"column":36}},{"start":{"line":18,"column":40},"end":{"line":18,"column":75}}]},"2":{"loc":{"start":{"line":20,"column":14},"end":{"line":22,"column":null}},"type":"if","locations":[{"start":{"line":20,"column":14},"end":{"line":22,"column":null}}]},"3":{"loc":{"start":{"line":24,"column":17},"end":{"line":28,"column":null}},"type":"if","locations":[{"start":{"line":24,"column":17},"end":{"line":28,"column":null}},{"start":{"line":26,"column":17},"end":{"line":28,"column":null}}]},"4":{"loc":{"start":{"line":56,"column":12},"end":{"line":60,"column":null}},"type":"if","locations":[{"start":{"line":56,"column":12},"end":{"line":60,"column":null}}]}},"s":{"0":2,"1":2,"2":2,"3":3,"4":0,"5":0,"6":0,"7":0,"8":0,"9":0,"10":0,"11":0,"12":0,"13":0,"14":0,"15":0,"16":0,"17":0,"18":1,"19":1,"20":2,"21":6,"22":1,"23":3,"24":3,"25":2,"26":2,"27":2,"28":2,"29":2,"30":2,"31":1,"32":1,"33":1,"34":1,"35":1,"36":1,"37":2,"38":2},"f":{"0":3,"1":0,"2":1,"3":2,"4":6,"5":3},"b":{"0":[0,0],"1":[0,0],"2":[0],"3":[0,0],"4":[1]}}
,"/home/luxeave/github/thematrix-backend/src/matrix/dto/compute-matrix.dto.ts": {"path":"/home/luxeave/github/thematrix-backend/src/matrix/dto/compute-matrix.dto.ts","statementMap":{"0":{"start":{"line":1,"column":0},"end":{"line":1,"column":54}},"1":{"start":{"line":4,"column":4},"end":{"line":5,"column":null}},"2":{"start":{"line":7,"column":4},"end":{"line":8,"column":null}},"3":{"start":{"line":3,"column":0},"end":{"line":3,"column":13}}},"fnMap":{},"branchMap":{},"s":{"0":1,"1":1,"2":1,"3":1},"f":{},"b":{}}
}
